2024-03-21T19:33:16.755930600255-19:33:16 **** Build of configuration Debug for project cameralink_udp ****
000-make all 
000-'Building file: ../src/xdm/dma.c'
000-'Invoking: ARM v8 gcc compiler'
000-aarch64-none-elf-gcc -Wall -O1 -g3 -c -fmessage-length=0 -MT"src/xdm/dma.o" -ID:/project/vitis_final/lwip_modi_3/export/lwip_modi_3/sw/lwip_modi_3/standalone_domain/bspinclude/include -MMD -MP -MF"src/xdm/dma.d" -MT"src/xdm/dma.o" -o "src/xdm/dma.o" "../src/xdm/dma.c"
000-In file included from ../src/xdm/../nuc/utils.h:11,
000-                 from ../src/xdm/../nuc/shareOpConfig.h:9,
000-                 from ../src/xdm/dma.h:9,
000-                 from ../src/xdm/dma.c:1:
000/cameralink_udp/src/nuc/InitParam.h26-1-1'struct SSN_param' declared inside parameter list will not be visible outside of this definition or declaration1-../src/xdm/../nuc/InitParam.h:26:27: warning: 'struct SSN_param' declared inside parameter list will not be visible outside of this definition or declaration
000-   26 |                    struct SSN_param *ssnParam);
000-      |                           ^~~~~~~~~
000-In file included from D:/project/vitis_final/lwip_modi_3/export/lwip_modi_3/sw/lwip_modi_3/standalone_domain/bspinclude/include/xaxidma_bdring.h:60,
000-                 from D:/project/vitis_final/lwip_modi_3/export/lwip_modi_3/sw/lwip_modi_3/standalone_domain/bspinclude/include/xaxidma.h:467,
000-                 from ../src/xdm/dma.h:5,
000-                 from ../src/xdm/dma.c:1:
000-../src/xdm/dma.c: In function 'GaussianBlur_s64_FPGA_while':
000/cameralink_udp43-1-1'return' with a value, in function returning void [-Wreturn-type]1-D:/project/vitis_final/lwip_modi_3/export/lwip_modi_3/sw/lwip_modi_3/standalone_domain/bspinclude/include/xstatus.h:43:41: warning: 'return' with a value, in function returning void [-Wreturn-type]
000-   43 | #define XST_FAILURE                     1L
000-      |                                         ^~
000/cameralink_udp/src/xdm/dma.c78-1-1in expansion of macro 'XST_FAILURE'0-../src/xdm/dma.c:78:10: note: in expansion of macro 'XST_FAILURE'
000-   78 |   return XST_FAILURE;
000-      |          ^~~~~~~~~~~
000/cameralink_udp/src/xdm/dma.c69-1-1declared here0-../src/xdm/dma.c:69:6: note: declared here
000-   69 | void GaussianBlur_s64_FPGA_while(const mat_s32 *src, mat_s32 *dst){
000-      |      ^~~~~~~~~~~~~~~~~~~~~~~~~~~
000-In file included from D:/project/vitis_final/lwip_modi_3/export/lwip_modi_3/sw/lwip_modi_3/standalone_domain/bspinclude/include/xaxidma_bdring.h:60,
000-                 from D:/project/vitis_final/lwip_modi_3/export/lwip_modi_3/sw/lwip_modi_3/standalone_domain/bspinclude/include/xaxidma.h:467,
000-                 from ../src/xdm/dma.h:5,
000-                 from ../src/xdm/dma.c:1:
000/cameralink_udp43-1-1'return' with a value, in function returning void [-Wreturn-type]1-D:/project/vitis_final/lwip_modi_3/export/lwip_modi_3/sw/lwip_modi_3/standalone_domain/bspinclude/include/xstatus.h:43:41: warning: 'return' with a value, in function returning void [-Wreturn-type]
000-   43 | #define XST_FAILURE                     1L
000-      |                                         ^~
000/cameralink_udp/src/xdm/dma.c84-1-1in expansion of macro 'XST_FAILURE'0-../src/xdm/dma.c:84:10: note: in expansion of macro 'XST_FAILURE'
000-   84 |   return XST_FAILURE;
000-      |          ^~~~~~~~~~~
000/cameralink_udp/src/xdm/dma.c69-1-1declared here0-../src/xdm/dma.c:69:6: note: declared here
000-   69 | void GaussianBlur_s64_FPGA_while(const mat_s32 *src, mat_s32 *dst){
000-      |      ^~~~~~~~~~~~~~~~~~~~~~~~~~~
000-In file included from D:/project/vitis_final/lwip_modi_3/export/lwip_modi_3/sw/lwip_modi_3/standalone_domain/bspinclude/include/xaxidma_bdring.h:60,
000-                 from D:/project/vitis_final/lwip_modi_3/export/lwip_modi_3/sw/lwip_modi_3/standalone_domain/bspinclude/include/xaxidma.h:467,
000-                 from ../src/xdm/dma.h:5,
000-                 from ../src/xdm/dma.c:1:
000/cameralink_udp42-1-1'return' with a value, in function returning void [-Wreturn-type]1-D:/project/vitis_final/lwip_modi_3/export/lwip_modi_3/sw/lwip_modi_3/standalone_domain/bspinclude/include/xstatus.h:42:41: warning: 'return' with a value, in function returning void [-Wreturn-type]
000-   42 | #define XST_SUCCESS                     0L
000-      |                                         ^~
000/cameralink_udp/src/xdm/dma.c92-1-1in expansion of macro 'XST_SUCCESS'0-../src/xdm/dma.c:92:9: note: in expansion of macro 'XST_SUCCESS'
000-   92 |  return XST_SUCCESS;
000-      |         ^~~~~~~~~~~
000/cameralink_udp/src/xdm/dma.c69-1-1declared here0-../src/xdm/dma.c:69:6: note: declared here
000-   69 | void GaussianBlur_s64_FPGA_while(const mat_s32 *src, mat_s32 *dst){
000-      |      ^~~~~~~~~~~~~~~~~~~~~~~~~~~
000-'Finished building: ../src/xdm/dma.c'
000-' '
000-'Building file: ../src/nuc/IRNUC.c'
000-'Invoking: ARM v8 gcc compiler'
000-aarch64-none-elf-gcc -Wall -O1 -g3 -c -fmessage-length=0 -MT"src/nuc/IRNUC.o" -ID:/project/vitis_final/lwip_modi_3/export/lwip_modi_3/sw/lwip_modi_3/standalone_domain/bspinclude/include -MMD -MP -MF"src/nuc/IRNUC.d" -MT"src/nuc/IRNUC.o" -o "src/nuc/IRNUC.o" "../src/nuc/IRNUC.c"
000-In file included from ../src/nuc/utils.h:11,
000-                 from ../src/nuc/IRNUC.h:8,
000-                 from ../src/nuc/IRNUC.c:2:
000/cameralink_udp/src/nuc/InitParam.h26-1-1'struct SSN_param' declared inside parameter list will not be visible outside of this definition or declaration1-../src/nuc/InitParam.h:26:27: warning: 'struct SSN_param' declared inside parameter list will not be visible outside of this definition or declaration
000-   26 |                    struct SSN_param *ssnParam);
000-      |                           ^~~~~~~~~
000-../src/nuc/IRNUC.c: In function 'init_infrared_NUC':
000/cameralink_udp/src/nuc/IRNUC.c31-1-1passing argument 5 of 'InitIntensity' from incompatible pointer type [-Wincompatible-pointer-types]1-../src/nuc/IRNUC.c:31:74: warning: passing argument 5 of 'InitIntensity' from incompatible pointer type [-Wincompatible-pointer-types]
000-   31 |  InitIntensity(FrameRate, NUIntensity, ShadingIntensity, NoiseIntensity, &ssnParam);
000-      |                                                                          ^~~~~~~~~
000-      |                                                                          |
000-      |                                                                          struct SSN_param *
000-In file included from ../src/nuc/utils.h:11,
000-                 from ../src/nuc/IRNUC.h:8,
000-                 from ../src/nuc/IRNUC.c:2:
000/cameralink_udp/src/nuc/InitParam.h26-1-1expected 'struct SSN_param *' but argument is of type 'struct SSN_param *'0-../src/nuc/InitParam.h:26:38: note: expected 'struct SSN_param *' but argument is of type 'struct SSN_param *'
000-   26 |                    struct SSN_param *ssnParam);
000-      |                    ~~~~~~~~~~~~~~~~~~^~~~~~~~
000/cameralink_udp/src/nuc/IRNUC.c35-1-1pointer targets in passing argument 3 of 'createMat_u16_A' differ in signedness [-Wpointer-sign]1-../src/nuc/IRNUC.c:35:43: warning: pointer targets in passing argument 3 of 'createMat_u16_A' differ in signedness [-Wpointer-sign]
000-   35 |     Frame = createMat_u16_A(src_H, src_W, FP);
000-      |                                           ^~
000-      |                                           |
000-      |                                           int16_t * {aka short int *}
000-In file included from ../src/nuc/utils.h:10,
000-                 from ../src/nuc/IRNUC.h:8,
000-                 from ../src/nuc/IRNUC.c:2:
000/cameralink_udp/src/mat/mat.h52-1-1expected 'uint16_t *' {aka 'short unsigned int *'} but argument is of type 'int16_t *' {aka 'short int *'}0-../src/nuc/../mat/mat.h:52:56: note: expected 'uint16_t *' {aka 'short unsigned int *'} but argument is of type 'int16_t *' {aka 'short int *'}
000-   52 | mat_u16 *createMat_u16_A(int rows, int cols, uint16_t *data);
000-      |                                              ~~~~~~~~~~^~~~
000-'Finished building: ../src/nuc/IRNUC.c'
000-' '
000-'Building file: ../src/nuc/InitParam.c'
000-'Invoking: ARM v8 gcc compiler'
000-aarch64-none-elf-gcc -Wall -O1 -g3 -c -fmessage-length=0 -MT"src/nuc/InitParam.o" -ID:/project/vitis_final/lwip_modi_3/export/lwip_modi_3/sw/lwip_modi_3/standalone_domain/bspinclude/include -MMD -MP -MF"src/nuc/InitParam.d" -MT"src/nuc/InitParam.o" -o "src/nuc/InitParam.o" "../src/nuc/InitParam.c"
000-'Finished building: ../src/nuc/InitParam.c'
000-' '
000-'Building file: ../src/nuc/SSN.c'
000-'Invoking: ARM v8 gcc compiler'
000-aarch64-none-elf-gcc -Wall -O1 -g3 -c -fmessage-length=0 -MT"src/nuc/SSN.o" -ID:/project/vitis_final/lwip_modi_3/export/lwip_modi_3/sw/lwip_modi_3/standalone_domain/bspinclude/include -MMD -MP -MF"src/nuc/SSN.d" -MT"src/nuc/SSN.o" -o "src/nuc/SSN.o" "../src/nuc/SSN.c"
000-In file included from ../src/nuc/utils.h:11,
000-                 from ../src/nuc/IRNUC.h:8,
000-                 from ../src/nuc/SSN.c:9:
000/cameralink_udp/src/nuc/InitParam.h26-1-1'struct SSN_param' declared inside parameter list will not be visible outside of this definition or declaration1-../src/nuc/InitParam.h:26:27: warning: 'struct SSN_param' declared inside parameter list will not be visible outside of this definition or declaration
000-   26 |                    struct SSN_param *ssnParam);
000-      |                           ^~~~~~~~~
000-In file included from D:/project/vitis_final/lwip_modi_3/export/lwip_modi_3/sw/lwip_modi_3/standalone_domain/bspinclude/include/xaxidma_bdring.h:60,
000-                 from D:/project/vitis_final/lwip_modi_3/export/lwip_modi_3/sw/lwip_modi_3/standalone_domain/bspinclude/include/xaxidma.h:467,
000-                 from ../src/nuc/SSN.c:5:
000-../src/nuc/SSN.c: In function 'DeNoise_FPGA':
000/cameralink_udp43-1-1'return' with a value, in function returning void [-Wreturn-type]1-D:/project/vitis_final/lwip_modi_3/export/lwip_modi_3/sw/lwip_modi_3/standalone_domain/bspinclude/include/xstatus.h:43:41: warning: 'return' with a value, in function returning void [-Wreturn-type]
000-   43 | #define XST_FAILURE                     1L
000-      |                                         ^~
000/cameralink_udp/src/nuc/SSN.c57-1-1in expansion of macro 'XST_FAILURE'0-../src/nuc/SSN.c:57:16: note: in expansion of macro 'XST_FAILURE'
000-   57 |         return XST_FAILURE;
000-      |                ^~~~~~~~~~~
000/cameralink_udp/src/nuc/SSN.c41-1-1declared here0-../src/nuc/SSN.c:41:6: note: declared here
000-   41 | void DeNoise_FPGA(mat_s32 *NUC_s32, int mean, int N){
000-      |      ^~~~~~~~~~~~
000-In file included from D:/project/vitis_final/lwip_modi_3/export/lwip_modi_3/sw/lwip_modi_3/standalone_domain/bspinclude/include/xaxidma_bdring.h:60,
000-                 from D:/project/vitis_final/lwip_modi_3/export/lwip_modi_3/sw/lwip_modi_3/standalone_domain/bspinclude/include/xaxidma.h:467,
000-                 from ../src/nuc/SSN.c:5:
000/cameralink_udp43-1-1'return' with a value, in function returning void [-Wreturn-type]1-D:/project/vitis_final/lwip_modi_3/export/lwip_modi_3/sw/lwip_modi_3/standalone_domain/bspinclude/include/xstatus.h:43:41: warning: 'return' with a value, in function returning void [-Wreturn-type]
000-   43 | #define XST_FAILURE                     1L
000-      |                                         ^~
000/cameralink_udp/src/nuc/SSN.c64-1-1in expansion of macro 'XST_FAILURE'0-../src/nuc/SSN.c:64:16: note: in expansion of macro 'XST_FAILURE'
000-   64 |         return XST_FAILURE;
000-      |                ^~~~~~~~~~~
000/cameralink_udp/src/nuc/SSN.c41-1-1declared here0-../src/nuc/SSN.c:41:6: note: declared here
000-   41 | void DeNoise_FPGA(mat_s32 *NUC_s32, int mean, int N){
000-      |      ^~~~~~~~~~~~
000-In file included from D:/project/vitis_final/lwip_modi_3/export/lwip_modi_3/sw/lwip_modi_3/standalone_domain/bspinclude/include/xaxidma_bdring.h:60,
000-                 from D:/project/vitis_final/lwip_modi_3/export/lwip_modi_3/sw/lwip_modi_3/standalone_domain/bspinclude/include/xaxidma.h:467,
000-                 from ../src/nuc/SSN.c:5:
000/cameralink_udp43-1-1'return' with a value, in function returning void [-Wreturn-type]1-D:/project/vitis_final/lwip_modi_3/export/lwip_modi_3/sw/lwip_modi_3/standalone_domain/bspinclude/include/xstatus.h:43:41: warning: 'return' with a value, in function returning void [-Wreturn-type]
000-   43 | #define XST_FAILURE                     1L
000-      |                                         ^~
000/cameralink_udp/src/nuc/SSN.c74-1-1in expansion of macro 'XST_FAILURE'0-../src/nuc/SSN.c:74:16: note: in expansion of macro 'XST_FAILURE'
000-   74 |         return XST_FAILURE;
000-      |                ^~~~~~~~~~~
000/cameralink_udp/src/nuc/SSN.c41-1-1declared here0-../src/nuc/SSN.c:41:6: note: declared here
000-   41 | void DeNoise_FPGA(mat_s32 *NUC_s32, int mean, int N){
000-      |      ^~~~~~~~~~~~
000-In file included from D:/project/vitis_final/lwip_modi_3/export/lwip_modi_3/sw/lwip_modi_3/standalone_domain/bspinclude/include/xaxidma_bdring.h:60,
000-                 from D:/project/vitis_final/lwip_modi_3/export/lwip_modi_3/sw/lwip_modi_3/standalone_domain/bspinclude/include/xaxidma.h:467,
000-                 from ../src/nuc/SSN.c:5:
000/cameralink_udp42-1-1'return' with a value, in function returning void [-Wreturn-type]1-D:/project/vitis_final/lwip_modi_3/export/lwip_modi_3/sw/lwip_modi_3/standalone_domain/bspinclude/include/xstatus.h:42:41: warning: 'return' with a value, in function returning void [-Wreturn-type]
000-   42 | #define XST_SUCCESS                     0L
000-      |                                         ^~
000/cameralink_udp/src/nuc/SSN.c77-1-1in expansion of macro 'XST_SUCCESS'0-../src/nuc/SSN.c:77:12: note: in expansion of macro 'XST_SUCCESS'
000-   77 |     return XST_SUCCESS;
000-      |            ^~~~~~~~~~~
000/cameralink_udp/src/nuc/SSN.c41-1-1declared here0-../src/nuc/SSN.c:41:6: note: declared here
000-   41 | void DeNoise_FPGA(mat_s32 *NUC_s32, int mean, int N){
000-      |      ^~~~~~~~~~~~
000-In file included from D:/project/vitis_final/lwip_modi_3/export/lwip_modi_3/sw/lwip_modi_3/standalone_domain/bspinclude/include/xaxidma_bdring.h:60,
000-                 from D:/project/vitis_final/lwip_modi_3/export/lwip_modi_3/sw/lwip_modi_3/standalone_domain/bspinclude/include/xaxidma.h:467,
000-                 from ../src/nuc/SSN.c:5:
000-../src/nuc/SSN.c: In function 'wait_DeNoise_FPGA':
000/cameralink_udp43-1-1'return' with a value, in function returning void [-Wreturn-type]1-D:/project/vitis_final/lwip_modi_3/export/lwip_modi_3/sw/lwip_modi_3/standalone_domain/bspinclude/include/xstatus.h:43:41: warning: 'return' with a value, in function returning void [-Wreturn-type]
000-   43 | #define XST_FAILURE                     1L
000-      |                                         ^~
000/cameralink_udp/src/nuc/SSN.c93-1-1in expansion of macro 'XST_FAILURE'0-../src/nuc/SSN.c:93:16: note: in expansion of macro 'XST_FAILURE'
000-   93 |         return XST_FAILURE;
000-      |                ^~~~~~~~~~~
000/cameralink_udp/src/nuc/SSN.c80-1-1declared here0-../src/nuc/SSN.c:80:6: note: declared here
000-   80 | void wait_DeNoise_FPGA(mat_s32 *NUC_s32, int mean, int N){
000-      |      ^~~~~~~~~~~~~~~~~
000-In file included from D:/project/vitis_final/lwip_modi_3/export/lwip_modi_3/sw/lwip_modi_3/standalone_domain/bspinclude/include/xaxidma_bdring.h:60,
000-                 from D:/project/vitis_final/lwip_modi_3/export/lwip_modi_3/sw/lwip_modi_3/standalone_domain/bspinclude/include/xaxidma.h:467,
000-                 from ../src/nuc/SSN.c:5:
000/cameralink_udp43-1-1'return' with a value, in function returning void [-Wreturn-type]1-D:/project/vitis_final/lwip_modi_3/export/lwip_modi_3/sw/lwip_modi_3/standalone_domain/bspinclude/include/xstatus.h:43:41: warning: 'return' with a value, in function returning void [-Wreturn-type]
000-   43 | #define XST_FAILURE                     1L
000-      |                                         ^~
000/cameralink_udp/src/nuc/SSN.c100-1-1in expansion of macro 'XST_FAILURE'0-../src/nuc/SSN.c:100:16: note: in expansion of macro 'XST_FAILURE'
000-  100 |         return XST_FAILURE;
000-      |                ^~~~~~~~~~~
000/cameralink_udp/src/nuc/SSN.c80-1-1declared here0-../src/nuc/SSN.c:80:6: note: declared here
000-   80 | void wait_DeNoise_FPGA(mat_s32 *NUC_s32, int mean, int N){
000-      |      ^~~~~~~~~~~~~~~~~
000-In file included from D:/project/vitis_final/lwip_modi_3/export/lwip_modi_3/sw/lwip_modi_3/standalone_domain/bspinclude/include/xaxidma_bdring.h:60,
000-                 from D:/project/vitis_final/lwip_modi_3/export/lwip_modi_3/sw/lwip_modi_3/standalone_domain/bspinclude/include/xaxidma.h:467,
000-                 from ../src/nuc/SSN.c:5:
000/cameralink_udp42-1-1'return' with a value, in function returning void [-Wreturn-type]1-D:/project/vitis_final/lwip_modi_3/export/lwip_modi_3/sw/lwip_modi_3/standalone_domain/bspinclude/include/xstatus.h:42:41: warning: 'return' with a value, in function returning void [-Wreturn-type]
000-   42 | #define XST_SUCCESS                     0L
000-      |                                         ^~
000/cameralink_udp/src/nuc/SSN.c110-1-1in expansion of macro 'XST_SUCCESS'0-../src/nuc/SSN.c:110:12: note: in expansion of macro 'XST_SUCCESS'
000-  110 |     return XST_SUCCESS;
000-      |            ^~~~~~~~~~~
000/cameralink_udp/src/nuc/SSN.c80-1-1declared here0-../src/nuc/SSN.c:80:6: note: declared here
000-   80 | void wait_DeNoise_FPGA(mat_s32 *NUC_s32, int mean, int N){
000-      |      ^~~~~~~~~~~~~~~~~
000-'Finished building: ../src/nuc/SSN.c'
000-' '
000-'Building file: ../src/nuc/file_op.c'
000-'Invoking: ARM v8 gcc compiler'
000-aarch64-none-elf-gcc -Wall -O1 -g3 -c -fmessage-length=0 -MT"src/nuc/file_op.o" -ID:/project/vitis_final/lwip_modi_3/export/lwip_modi_3/sw/lwip_modi_3/standalone_domain/bspinclude/include -MMD -MP -MF"src/nuc/file_op.d" -MT"src/nuc/file_op.o" -o "src/nuc/file_op.o" "../src/nuc/file_op.c"
000-In file included from ../src/nuc/utils.h:11,
000-                 from ../src/nuc/shareOpConfig.h:9,
000-                 from ../src/nuc/file_op.c:15:
000/cameralink_udp/src/nuc/InitParam.h26-1-1'struct SSN_param' declared inside parameter list will not be visible outside of this definition or declaration1-../src/nuc/InitParam.h:26:27: warning: 'struct SSN_param' declared inside parameter list will not be visible outside of this definition or declaration
000-   26 |                    struct SSN_param *ssnParam);
000-      |                           ^~~~~~~~~
000-../src/nuc/file_op.c: In function 'Init':
000/cameralink_udp/src/nuc/file_op.c35-1-1unused variable 'status' [-Wunused-variable]1-../src/nuc/file_op.c:35:6: warning: unused variable 'status' [-Wunused-variable]
000-   35 |  int status;
000-      |      ^~~~~~
000-../src/nuc/file_op.c: In function 'Write':
000/cameralink_udp/src/nuc/file_op.c70-1-1cast to pointer from integer of different size [-Wint-to-pointer-cast]1-../src/nuc/file_op.c:70:28: warning: cast to pointer from integer of different size [-Wint-to-pointer-cast]
000-   70 |     result = f_write(&file,(void*) src_addr,byte_len,&BytesWr);//ÈóÇÂÇöÂÄ∑ÁªÄ‰æ?ÂπâÈîüÁä≤Á§âÈñ∫Â∂éÂéΩÈçãÔø†Êü®ÈèáÁÇ≤ÔøΩÊêÅÂ¥ôÈêòÁªòÁÖïÈñπËà¨ÂäçÂ®ÖÂõ®„ÅÑÈà∫ÂÜ®Âé¥ÈñπÓÜºÁ∂äÂÆïÓÇ¶Â¥üÈ°í‰Ω∏ÂâµÈóÇ‰ΩΩÊ°®ÁªÄ‰æ?ÊÇ•ÊøÇÁ®øÁÆñÊø°„ÇÖÊáèÈçéÂ≤ÑÊüõÂ®ëÊ©àÂ∑•Ê§§Âø•Êã∑
000-      |                            ^
000-../src/nuc/file_op.c: In function 'Read':
000/cameralink_udp/src/nuc/file_op.c100-1-1passing argument 2 of 'f_lseek' makes integer from pointer without a cast [-Wint-conversion]1-../src/nuc/file_op.c:100:28: warning: passing argument 2 of 'f_lseek' makes integer from pointer without a cast [-Wint-conversion]
000-  100 |     result = f_lseek(&file,start_addr);    //ÈóÇÂÇöÂÄ∑Èë≥Â†ïÂ¥ïÈê¢Á®øÁñæÊø†ÈùõÓÉÇÈîüÊñ§ÁÆìÂÆïÂ•∏ÂßÄÈäè„à©Êß∏ÈóÅËØ≤ÂáΩÁºçÂóõÂ¥ëÈç°Ê∂ñÔøΩÂë¥ÂºªÈäâ„ÉßÓÜêÈñ∫Â§äÁâÜÊæßÁïåÂ£ïÈé∏Â∫£ÁÆæÈñ∏ÓÇ£ÁπÉÈéØÂ†ü„ÅÑÈ°êÔΩéÊÆôÊ§§Ô∏ΩÊΩôÈàπÊà¶ÓîôÈêêÓÑÅÊØàÈóÅËØ°ÂñìÈçéÁî∏Âº´Èé∞ÓÖûÁ∑ûÂ©µÁä≤Â´¨ÈéΩÂ¨ÆÊ¢ªÊµ£Á≠ãÂöÉÈñ∏„Ñ•ÈÖ£ÂÆïÁÜºÓîôÈçèÁÖéÂâµÈóÇÂÇöÂ?∑ÁªÄ‰æ?ÂπñÈ°êÔπ?Á£πÁºÅÂ¨´ÔºïÂ®≤ÓÅÖÊô≤Èñ∏Ê∂±‰∫ùÈêéÂ©öÊ¢∫ÈóàÊ∂öÁÆûÈñ∏Â©ÉÁâ†ÂÆïÊõûÓÖºÊæ∂Â¨¨Âé±ÈóÅÂìÑÊ¥¢ÈçîÂ±æÊô∂ÊµºÂ≠òÁÖïÊø°ÓàùÂ¥µÈé≥ÂÜÆÊüçÈíòÂ§òÊ®?Ê•†ÁÇ¥Áë©ÂÆïÊ®øÓò¥Èñª‚ïÅÊµ∑Áª±Êí¥ÊãÖÊµ†Â¨™ÊëµÈóÅÊêûÂäåÈêñÂ•∏ÁçÆÈç´„É•Œ©ÁëúÊøãÂπèÈêëËä•Êô≤Èñ∏Â±æÁ®íÈêùÊ†´Á¥ìÊµ£Ââ≤Êß∏Ê§§Êõ®ÂéæÂ¶≤ÊÑ∞ÂπòÁíáËå¨Óò®ÈóÅËØ°ÂûéÈçïÓÖùÁ∞¥ÈóÇÂÇôÊµáÂ®âÊõ¢Â¥∞Èé∞ÊùøÂá†Â©µÁä≥ËâæÁª†ÓàûÊü®ÈêïÂÇõÂ´?
000-      |                            ^~~~~~~~~~
000-      |                            |
000-      |                            void *
000-In file included from ../src/nuc/file_op.h:13,
000-                 from ../src/nuc/file_op.c:9:
000/cameralink_udp277-1-1expected 'FSIZE_t' {aka 'long unsigned int'} but argument is of type 'void *'0-D:/project/vitis_final/lwip_modi_3/export/lwip_modi_3/sw/lwip_modi_3/standalone_domain/bspinclude/include/ff.h:277:35: note: expected 'FSIZE_t' {aka 'long unsigned int'} but argument is of type 'void *'
000-  277 | FRESULT f_lseek (FIL* fp, FSIZE_t ofs);        /* Move file pointer of the file object */
000-      |                           ~~~~~~~~^~~
000-'Finished building: ../src/nuc/file_op.c'
000-' '
000-'Building file: ../src/nuc/main.c'
000-'Invoking: ARM v8 gcc compiler'
000-aarch64-none-elf-gcc -Wall -O1 -g3 -c -fmessage-length=0 -MT"src/nuc/main.o" -ID:/project/vitis_final/lwip_modi_3/export/lwip_modi_3/sw/lwip_modi_3/standalone_domain/bspinclude/include -MMD -MP -MF"src/nuc/main.d" -MT"src/nuc/main.o" -o "src/nuc/main.o" "../src/nuc/main.c"
000-../src/nuc/main.c: In function 'nuc_init':
000/cameralink_udp/src/nuc/main.c25-1-1implicit declaration of function 'printf' [-Wimplicit-function-declaration]1-../src/nuc/main.c:25:5: warning: implicit declaration of function 'printf' [-Wimplicit-function-declaration]
000-   25 |     printf("cpu0 start! NUC 12121 \n");
000-      |     ^~~~~~
000/cameralink_udp/src/nuc/main.c25-1-1incompatible implicit declaration of built-in function 'printf'1-../src/nuc/main.c:25:5: warning: incompatible implicit declaration of built-in function 'printf'
000/cameralink_udp/src/nuc/main.c2-1-1include '<stdio.h>' or provide a declaration of 'printf'0-../src/nuc/main.c:2:1: note: include '<stdio.h>' or provide a declaration of 'printf'
000-    1 | #include "main.h"
000-  +++ |+#include <stdio.h>
000-    2 | #define IMG_PATH "fp.raw"
000/cameralink_udp/src/nuc/main.c27-1-1implicit declaration of function 'Init' [-Wimplicit-function-declaration]1-../src/nuc/main.c:27:5: warning: implicit declaration of function 'Init' [-Wimplicit-function-declaration]
000-   27 |     Init();
000-      |     ^~~~
000-'Finished building: ../src/nuc/main.c'
000-' '
000-'Building file: ../src/nuc/shareOp.c'
000-'Invoking: ARM v8 gcc compiler'
000-aarch64-none-elf-gcc -Wall -O1 -g3 -c -fmessage-length=0 -MT"src/nuc/shareOp.o" -ID:/project/vitis_final/lwip_modi_3/export/lwip_modi_3/sw/lwip_modi_3/standalone_domain/bspinclude/include -MMD -MP -MF"src/nuc/shareOp.d" -MT"src/nuc/shareOp.o" -o "src/nuc/shareOp.o" "../src/nuc/shareOp.c"
000-In file included from ../src/nuc/utils.h:11,
000-                 from ../src/nuc/shareOpConfig.h:9,
000-                 from ../src/nuc/shareOp.c:1:
000/cameralink_udp/src/nuc/InitParam.h26-1-1'struct SSN_param' declared inside parameter list will not be visible outside of this definition or declaration1-../src/nuc/InitParam.h:26:27: warning: 'struct SSN_param' declared inside parameter list will not be visible outside of this definition or declaration
000-   26 |                    struct SSN_param *ssnParam);
000-      |                           ^~~~~~~~~
000-../src/nuc/shareOp.c: In function 'read_share_data':
000/cameralink_udp/src/nuc/shareOp.c6-1-1passing argument 1 of 'Xil_In32' makes integer from pointer without a cast [-Wint-conversion]1-../src/nuc/shareOp.c:6:38: warning: passing argument 1 of 'Xil_In32' makes integer from pointer without a cast [-Wint-conversion]
000-    6 |   shareData->data[i] = Xil_In32(addr + i);
000-      |                                 ~~~~~^~~
000-      |                                      |
000-      |                                      int *
000-In file included from D:/project/vitis_final/lwip_modi_3/export/lwip_modi_3/sw/lwip_modi_3/standalone_domain/bspinclude/include/xscugic.h:189,
000-                 from ../src/nuc/shareOpConfig.h:8,
000-                 from ../src/nuc/shareOp.c:1:
000/cameralink_udp134-1-1expected 'UINTPTR' {aka 'long unsigned int'} but argument is of type 'int *'0-D:/project/vitis_final/lwip_modi_3/export/lwip_modi_3/sw/lwip_modi_3/standalone_domain/bspinclude/include/xil_io.h:134:36: note: expected 'UINTPTR' {aka 'long unsigned int'} but argument is of type 'int *'
000-  134 | static INLINE u32 Xil_In32(UINTPTR Addr)
000-      |                            ~~~~~~~~^~~~
000/cameralink_udp/src/nuc/shareOp.c8-1-1passing argument 1 of 'Xil_Out32' makes integer from pointer without a cast [-Wint-conversion]1-../src/nuc/shareOp.c:8:12: warning: passing argument 1 of 'Xil_Out32' makes integer from pointer without a cast [-Wint-conversion]
000-    8 |  Xil_Out32(flag, 0);
000-      |            ^~~~
000-      |            |
000-      |            int *
000-In file included from D:/project/vitis_final/lwip_modi_3/export/lwip_modi_3/sw/lwip_modi_3/standalone_domain/bspinclude/include/xscugic.h:189,
000-                 from ../src/nuc/shareOpConfig.h:8,
000-                 from ../src/nuc/shareOp.c:1:
000/cameralink_udp208-1-1expected 'UINTPTR' {aka 'long unsigned int'} but argument is of type 'int *'0-D:/project/vitis_final/lwip_modi_3/export/lwip_modi_3/sw/lwip_modi_3/standalone_domain/bspinclude/include/xil_io.h:208:38: note: expected 'UINTPTR' {aka 'long unsigned int'} but argument is of type 'int *'
000-  208 | static INLINE void Xil_Out32(UINTPTR Addr, u32 Value)
000-      |                              ~~~~~~~~^~~~
000-../src/nuc/shareOp.c: In function 'write_share_data':
000/cameralink_udp/src/nuc/shareOp.c14-1-1passing argument 1 of 'Xil_Out32' makes integer from pointer without a cast [-Wint-conversion]1-../src/nuc/shareOp.c:14:18: warning: passing argument 1 of 'Xil_Out32' makes integer from pointer without a cast [-Wint-conversion]
000-   14 |   Xil_Out32(addr + i, shareData->data[i]);
000-      |             ~~~~~^~~
000-      |                  |
000-      |                  int *
000-In file included from D:/project/vitis_final/lwip_modi_3/export/lwip_modi_3/sw/lwip_modi_3/standalone_domain/bspinclude/include/xscugic.h:189,
000-                 from ../src/nuc/shareOpConfig.h:8,
000-                 from ../src/nuc/shareOp.c:1:
000/cameralink_udp208-1-1expected 'UINTPTR' {aka 'long unsigned int'} but argument is of type 'int *'0-D:/project/vitis_final/lwip_modi_3/export/lwip_modi_3/sw/lwip_modi_3/standalone_domain/bspinclude/include/xil_io.h:208:38: note: expected 'UINTPTR' {aka 'long unsigned int'} but argument is of type 'int *'
000-  208 | static INLINE void Xil_Out32(UINTPTR Addr, u32 Value)
000-      |                              ~~~~~~~~^~~~
000/cameralink_udp/src/nuc/shareOp.c16-1-1passing argument 1 of 'Xil_Out32' makes integer from pointer without a cast [-Wint-conversion]1-../src/nuc/shareOp.c:16:12: warning: passing argument 1 of 'Xil_Out32' makes integer from pointer without a cast [-Wint-conversion]
000-   16 |  Xil_Out32(flag, 1);
000-      |            ^~~~
000-      |            |
000-      |            int *
000-In file included from D:/project/vitis_final/lwip_modi_3/export/lwip_modi_3/sw/lwip_modi_3/standalone_domain/bspinclude/include/xscugic.h:189,
000-                 from ../src/nuc/shareOpConfig.h:8,
000-                 from ../src/nuc/shareOp.c:1:
000/cameralink_udp208-1-1expected 'UINTPTR' {aka 'long unsigned int'} but argument is of type 'int *'0-D:/project/vitis_final/lwip_modi_3/export/lwip_modi_3/sw/lwip_modi_3/standalone_domain/bspinclude/include/xil_io.h:208:38: note: expected 'UINTPTR' {aka 'long unsigned int'} but argument is of type 'int *'
000-  208 | static INLINE void Xil_Out32(UINTPTR Addr, u32 Value)
000-      |                              ~~~~~~~~^~~~
000-In file included from ../src/nuc/shareOp.c:1:
000-../src/nuc/shareOp.c: In function 'read_weight':
000/cameralink_udp/src/nuc/shareOpConfig.h20-1-1passing argument 2 of 'read_share_data' makes pointer from integer without a cast [-Wint-conversion]1-../src/nuc/shareOpConfig.h:20:25: warning: passing argument 2 of 'read_share_data' makes pointer from integer without a cast [-Wint-conversion]
000-   20 | #define SHARE_BASE_ADDR 0x70000000
000-      |                         ^
000-      |                         |
000-      |                         int
000/cameralink_udp/src/nuc/shareOpConfig.h29-1-1in expansion of macro 'SHARE_BASE_ADDR'0-../src/nuc/shareOpConfig.h:29:27: note: in expansion of macro 'SHARE_BASE_ADDR'
000-   29 | #define WEIGHT_BASE       SHARE_BASE_ADDR + (640 * 512 * 4 + 0x20)
000-      |                           ^~~~~~~~~~~~~~~
000/cameralink_udp/src/nuc/shareOp.c20-1-1in expansion of macro 'WEIGHT_BASE'0-../src/nuc/shareOp.c:20:30: note: in expansion of macro 'WEIGHT_BASE'
000-   20 |  read_share_data(weight_s32, WEIGHT_BASE, WEIGHT_FLAG_BASE);
000-      |                              ^~~~~~~~~~~
000/cameralink_udp/src/nuc/shareOp.c3-1-1expected 'int *' but argument is of type 'int'0-../src/nuc/shareOp.c:3:47: note: expected 'int *' but argument is of type 'int'
000-    3 | void read_share_data(mat_s32 *shareData, int *addr, int *flag){
000-      |                                          ~~~~~^~~~
000-In file included from ../src/nuc/shareOp.c:1:
000/cameralink_udp/src/nuc/shareOpConfig.h20-1-1passing argument 3 of 'read_share_data' makes pointer from integer without a cast [-Wint-conversion]1-../src/nuc/shareOpConfig.h:20:25: warning: passing argument 3 of 'read_share_data' makes pointer from integer without a cast [-Wint-conversion]
000-   20 | #define SHARE_BASE_ADDR 0x70000000
000-      |                         ^
000-      |                         |
000-      |                         int
000/cameralink_udp/src/nuc/shareOpConfig.h25-1-1in expansion of macro 'SHARE_BASE_ADDR'0-../src/nuc/shareOpConfig.h:25:28: note: in expansion of macro 'SHARE_BASE_ADDR'
000-   25 | #define WEIGHT_FLAG_BASE   SHARE_BASE_ADDR + 0xc
000-      |                            ^~~~~~~~~~~~~~~
000/cameralink_udp/src/nuc/shareOp.c20-1-1in expansion of macro 'WEIGHT_FLAG_BASE'0-../src/nuc/shareOp.c:20:43: note: in expansion of macro 'WEIGHT_FLAG_BASE'
000-   20 |  read_share_data(weight_s32, WEIGHT_BASE, WEIGHT_FLAG_BASE);
000-      |                                           ^~~~~~~~~~~~~~~~
000/cameralink_udp/src/nuc/shareOp.c3-1-1expected 'int *' but argument is of type 'int'0-../src/nuc/shareOp.c:3:58: note: expected 'int *' but argument is of type 'int'
000-    3 | void read_share_data(mat_s32 *shareData, int *addr, int *flag){
000-      |                                                     ~~~~~^~~~
000-In file included from ../src/nuc/shareOp.c:1:
000-../src/nuc/shareOp.c: In function 'write_weight':
000/cameralink_udp/src/nuc/shareOpConfig.h20-1-1passing argument 2 of 'write_share_data' makes pointer from integer without a cast [-Wint-conversion]1-../src/nuc/shareOpConfig.h:20:25: warning: passing argument 2 of 'write_share_data' makes pointer from integer without a cast [-Wint-conversion]
000-   20 | #define SHARE_BASE_ADDR 0x70000000
000-      |                         ^
000-      |                         |
000-      |                         int
000/cameralink_udp/src/nuc/shareOpConfig.h29-1-1in expansion of macro 'SHARE_BASE_ADDR'0-../src/nuc/shareOpConfig.h:29:27: note: in expansion of macro 'SHARE_BASE_ADDR'
000-   29 | #define WEIGHT_BASE       SHARE_BASE_ADDR + (640 * 512 * 4 + 0x20)
000-      |                           ^~~~~~~~~~~~~~~
000/cameralink_udp/src/nuc/shareOp.c24-1-1in expansion of macro 'WEIGHT_BASE'0-../src/nuc/shareOp.c:24:31: note: in expansion of macro 'WEIGHT_BASE'
000-   24 |  write_share_data(weight_s32, WEIGHT_BASE, WEIGHT_FLAG_BASE);
000-      |                               ^~~~~~~~~~~
000/cameralink_udp/src/nuc/shareOp.c11-1-1expected 'int *' but argument is of type 'int'0-../src/nuc/shareOp.c:11:48: note: expected 'int *' but argument is of type 'int'
000-   11 | void write_share_data(mat_s32 *shareData, int *addr, int *flag){
000-      |                                           ~~~~~^~~~
000-In file included from ../src/nuc/shareOp.c:1:
000/cameralink_udp/src/nuc/shareOpConfig.h20-1-1passing argument 3 of 'write_share_data' makes pointer from integer without a cast [-Wint-conversion]1-../src/nuc/shareOpConfig.h:20:25: warning: passing argument 3 of 'write_share_data' makes pointer from integer without a cast [-Wint-conversion]
000-   20 | #define SHARE_BASE_ADDR 0x70000000
000-      |                         ^
000-      |                         |
000-      |                         int
000/cameralink_udp/src/nuc/shareOpConfig.h25-1-1in expansion of macro 'SHARE_BASE_ADDR'0-../src/nuc/shareOpConfig.h:25:28: note: in expansion of macro 'SHARE_BASE_ADDR'
000-   25 | #define WEIGHT_FLAG_BASE   SHARE_BASE_ADDR + 0xc
000-      |                            ^~~~~~~~~~~~~~~
000/cameralink_udp/src/nuc/shareOp.c24-1-1in expansion of macro 'WEIGHT_FLAG_BASE'0-../src/nuc/shareOp.c:24:44: note: in expansion of macro 'WEIGHT_FLAG_BASE'
000-   24 |  write_share_data(weight_s32, WEIGHT_BASE, WEIGHT_FLAG_BASE);
000-      |                                            ^~~~~~~~~~~~~~~~
000/cameralink_udp/src/nuc/shareOp.c11-1-1expected 'int *' but argument is of type 'int'0-../src/nuc/shareOp.c:11:59: note: expected 'int *' but argument is of type 'int'
000-   11 | void write_share_data(mat_s32 *shareData, int *addr, int *flag){
000-      |                                                      ~~~~~^~~~
000-In file included from ../src/nuc/shareOp.c:1:
000-../src/nuc/shareOp.c: In function 'read_nuc':
000/cameralink_udp/src/nuc/shareOpConfig.h20-1-1passing argument 2 of 'read_share_data' makes pointer from integer without a cast [-Wint-conversion]1-../src/nuc/shareOpConfig.h:20:25: warning: passing argument 2 of 'read_share_data' makes pointer from integer without a cast [-Wint-conversion]
000-   20 | #define SHARE_BASE_ADDR 0x70000000
000-      |                         ^
000-      |                         |
000-      |                         int
000/cameralink_udp/src/nuc/shareOpConfig.h28-1-1in expansion of macro 'SHARE_BASE_ADDR'0-../src/nuc/shareOpConfig.h:28:26: note: in expansion of macro 'SHARE_BASE_ADDR'
000-   28 | #define NUC_BASE         SHARE_BASE_ADDR + 0x20
000-      |                          ^~~~~~~~~~~~~~~
000/cameralink_udp/src/nuc/shareOp.c28-1-1in expansion of macro 'NUC_BASE'0-../src/nuc/shareOp.c:28:27: note: in expansion of macro 'NUC_BASE'
000-   28 |  read_share_data(nuc_s32, NUC_BASE, IMAGE_FLAG_BASE);
000-      |                           ^~~~~~~~
000/cameralink_udp/src/nuc/shareOp.c3-1-1expected 'int *' but argument is of type 'int'0-../src/nuc/shareOp.c:3:47: note: expected 'int *' but argument is of type 'int'
000-    3 | void read_share_data(mat_s32 *shareData, int *addr, int *flag){
000-      |                                          ~~~~~^~~~
000-In file included from ../src/nuc/shareOp.c:1:
000/cameralink_udp/src/nuc/shareOpConfig.h20-1-1passing argument 3 of 'read_share_data' makes pointer from integer without a cast [-Wint-conversion]1-../src/nuc/shareOpConfig.h:20:25: warning: passing argument 3 of 'read_share_data' makes pointer from integer without a cast [-Wint-conversion]
000-   20 | #define SHARE_BASE_ADDR 0x70000000
000-      |                         ^
000-      |                         |
000-      |                         int
000/cameralink_udp/src/nuc/shareOpConfig.h24-1-1in expansion of macro 'SHARE_BASE_ADDR'0-../src/nuc/shareOpConfig.h:24:27: note: in expansion of macro 'SHARE_BASE_ADDR'
000-   24 | #define IMAGE_FLAG_BASE   SHARE_BASE_ADDR + 0x8
000-      |                           ^~~~~~~~~~~~~~~
000/cameralink_udp/src/nuc/shareOp.c28-1-1in expansion of macro 'IMAGE_FLAG_BASE'0-../src/nuc/shareOp.c:28:37: note: in expansion of macro 'IMAGE_FLAG_BASE'
000-   28 |  read_share_data(nuc_s32, NUC_BASE, IMAGE_FLAG_BASE);
000-      |                                     ^~~~~~~~~~~~~~~
000/cameralink_udp/src/nuc/shareOp.c3-1-1expected 'int *' but argument is of type 'int'0-../src/nuc/shareOp.c:3:58: note: expected 'int *' but argument is of type 'int'
000-    3 | void read_share_data(mat_s32 *shareData, int *addr, int *flag){
000-      |                                                     ~~~~~^~~~
000-In file included from ../src/nuc/shareOp.c:1:
000-../src/nuc/shareOp.c: In function 'write_nuc':
000/cameralink_udp/src/nuc/shareOpConfig.h20-1-1passing argument 2 of 'write_share_data' makes pointer from integer without a cast [-Wint-conversion]1-../src/nuc/shareOpConfig.h:20:25: warning: passing argument 2 of 'write_share_data' makes pointer from integer without a cast [-Wint-conversion]
000-   20 | #define SHARE_BASE_ADDR 0x70000000
000-      |                         ^
000-      |                         |
000-      |                         int
000/cameralink_udp/src/nuc/shareOpConfig.h28-1-1in expansion of macro 'SHARE_BASE_ADDR'0-../src/nuc/shareOpConfig.h:28:26: note: in expansion of macro 'SHARE_BASE_ADDR'
000-   28 | #define NUC_BASE         SHARE_BASE_ADDR + 0x20
000-      |                          ^~~~~~~~~~~~~~~
000/cameralink_udp/src/nuc/shareOp.c32-1-1in expansion of macro 'NUC_BASE'0-../src/nuc/shareOp.c:32:28: note: in expansion of macro 'NUC_BASE'
000-   32 |  write_share_data(nuc_s32, NUC_BASE, IMAGE_FLAG_BASE);
000-      |                            ^~~~~~~~
000/cameralink_udp/src/nuc/shareOp.c11-1-1expected 'int *' but argument is of type 'int'0-../src/nuc/shareOp.c:11:48: note: expected 'int *' but argument is of type 'int'
000-   11 | void write_share_data(mat_s32 *shareData, int *addr, int *flag){
000-      |                                           ~~~~~^~~~
000-In file included from ../src/nuc/shareOp.c:1:
000/cameralink_udp/src/nuc/shareOpConfig.h20-1-1passing argument 3 of 'write_share_data' makes pointer from integer without a cast [-Wint-conversion]1-../src/nuc/shareOpConfig.h:20:25: warning: passing argument 3 of 'write_share_data' makes pointer from integer without a cast [-Wint-conversion]
000-   20 | #define SHARE_BASE_ADDR 0x70000000
000-      |                         ^
000-      |                         |
000-      |                         int
000/cameralink_udp/src/nuc/shareOpConfig.h24-1-1in expansion of macro 'SHARE_BASE_ADDR'0-../src/nuc/shareOpConfig.h:24:27: note: in expansion of macro 'SHARE_BASE_ADDR'
000-   24 | #define IMAGE_FLAG_BASE   SHARE_BASE_ADDR + 0x8
000-      |                           ^~~~~~~~~~~~~~~
000/cameralink_udp/src/nuc/shareOp.c32-1-1in expansion of macro 'IMAGE_FLAG_BASE'0-../src/nuc/shareOp.c:32:38: note: in expansion of macro 'IMAGE_FLAG_BASE'
000-   32 |  write_share_data(nuc_s32, NUC_BASE, IMAGE_FLAG_BASE);
000-      |                                      ^~~~~~~~~~~~~~~
000/cameralink_udp/src/nuc/shareOp.c11-1-1expected 'int *' but argument is of type 'int'0-../src/nuc/shareOp.c:11:59: note: expected 'int *' but argument is of type 'int'
000-   11 | void write_share_data(mat_s32 *shareData, int *addr, int *flag){
000-      |                                                      ~~~~~^~~~
000-../src/nuc/shareOp.c: In function 'init_share_addr':
000/cameralink_udp/src/nuc/shareOp.c37-1-1implicit declaration of function 'Xil_SetTlbAttributes' [-Wimplicit-function-declaration]1-../src/nuc/shareOp.c:37:2: warning: implicit declaration of function 'Xil_SetTlbAttributes' [-Wimplicit-function-declaration]
000-   37 |  Xil_SetTlbAttributes(SHARE_BASE_ADDR, 0x14de2);  //ÁªÇ‰Ω∫Êï? 0xfffffff0 Èê®ÔøΩ Cache ÁÅûÁÇ¥ÔøΩÔøΩ
000-      |  ^~~~~~~~~~~~~~~~~~~~
000-'Finished building: ../src/nuc/shareOp.c'
000-' '
000-'Building file: ../src/lwip_app.c'
000-'Invoking: ARM v8 gcc compiler'
000-aarch64-none-elf-gcc -Wall -O1 -g3 -c -fmessage-length=0 -MT"src/lwip_app.o" -ID:/project/vitis_final/lwip_modi_3/export/lwip_modi_3/sw/lwip_modi_3/standalone_domain/bspinclude/include -MMD -MP -MF"src/lwip_app.d" -MT"src/lwip_app.o" -o "src/lwip_app.o" "../src/lwip_app.c"
000-../src/lwip_app.c: In function 'lwip_loop':
000/cameralink_udp/src/lwip_app.c43-1-1cast from pointer to integer of different size [-Wpointer-to-int-cast]1-../src/lwip_app.c:43:30: warning: cast from pointer to integer of different size [-Wpointer-to-int-cast]
000-   43 |    Xil_DCacheInvalidateRange((u32)pFrames[index], frame_length_curr);
000-      |                              ^
000/cameralink_udp/src/lwip_app.c45-1-1passing argument 1 of 'infrared_NUC' from incompatible pointer type [-Wincompatible-pointer-types]1-../src/lwip_app.c:45:48: warning: passing argument 1 of 'infrared_NUC' from incompatible pointer type [-Wincompatible-pointer-types]
000-   45 |    uint16_t *return_Data = infrared_NUC(pFrames[index]);
000-      |                                         ~~~~~~~^~~~~~~
000-      |                                                |
000-      |                                                u8 * {aka unsigned char *}
000/cameralink_udp/src/lwip_app.c25-1-1expected 'uint16_t *' {aka 'short unsigned int *'} but argument is of type 'u8 *' {aka 'unsigned char *'}0-../src/lwip_app.c:25:34: note: expected 'uint16_t *' {aka 'short unsigned int *'} but argument is of type 'u8 *' {aka 'unsigned char *'}
000-   25 | uint16_t *infrared_NUC(uint16_t *inputData);
000-      |                        ~~~~~~~~~~^~~~~~~~~
000-'Finished building: ../src/lwip_app.c'
000-' '
000-'Building target: cameralink_udp.elf'
000-'Invoking: ARM v8 gcc linker'
000-aarch64-none-elf-gcc -Wl,-T -Wl,../src/lscript.ld -LD:/project/vitis_final/lwip_modi_3/export/lwip_modi_3/sw/lwip_modi_3/standalone_domain/bsplib/lib -o "cameralink_udp.elf"  ./src/xdm/dma.o  ./src/nuc/IRNUC.o ./src/nuc/InitParam.o ./src/nuc/SSN.o ./src/nuc/file_op.o ./src/nuc/main.o ./src/nuc/shareOp.o ./src/nuc/utils.o  ./src/mat/mat.o ./src/mat/matCalGaussian_f32.o ./src/mat/matCalGaussian_s32.o ./src/mat/matCalGaussian_s64.o ./src/mat/matCalHist.o ./src/mat/matCalMedCover.o ./src/mat/matCal_s32.o ./src/mat/matCal_s64.o  ./src/debug.o ./src/display_demo.o ./src/echo.o ./src/lwip_app.o ./src/platform_zynq.o ./src/platform_zynqmp.o ./src/udp_init.o ./src/vdma.o ./src/zynq_interrupt.o   -lm -Wl,--start-group,-lxil,-lgcc,-lc,--end-group -Wl,--start-group,-lxilffs,-lxil,-lgcc,-lc,--end-group -Wl,--start-group,-lxil,-llwip4,-lgcc,-lc,--end-group
000-'Finished building target: cameralink_udp.elf'
000-' '
000-'Invoking: ARM v8 Print Size'
000-aarch64-none-elf-size cameralink_udp.elf  |tee "cameralink_udp.elf.size"
000-   text	   data	    bss	    dec	    hex	filename
000- 315823	   8384	499192053	499516260	1dc60364	cameralink_udp.elf
000-'Finished building: cameralink_udp.elf.size'
000-' '
00255-
19:33:19 Build Finished (took 3s.182ms)

