14:29:13 **** Incremental Build of configuration Release for project cameralink_udp ****
make all 
'Building file: ../src/nuc/IRNUC.c'
'Invoking: ARM v8 gcc compiler'
aarch64-none-elf-gcc -Wall -O2 -c -fmessage-length=0 -MT"src/nuc/IRNUC.o" -ID:/project/vitis_final/lwip_modi_3/export/lwip_modi_3/sw/lwip_modi_3/standalone_domain/bspinclude/include -MMD -MP -MF"src/nuc/IRNUC.d" -MT"src/nuc/IRNUC.o" -o "src/nuc/IRNUC.o" "../src/nuc/IRNUC.c"
In file included from ../src/nuc/utils.h:11,
                 from ../src/nuc/IRNUC.h:8,
                 from ../src/nuc/IRNUC.c:8:
../src/nuc/InitParam.h:26:27: warning: 'struct SSN_param' declared inside parameter list will not be visible outside of this definition or declaration
   26 |                    struct SSN_param *ssnParam);
      |                           ^~~~~~~~~
../src/nuc/IRNUC.c: In function 'init_infrared_NUC':
../src/nuc/IRNUC.c:35:74: warning: passing argument 5 of 'InitIntensity' from incompatible pointer type [-Wincompatible-pointer-types]
   35 |  InitIntensity(FrameRate, NUIntensity, ShadingIntensity, NoiseIntensity, &ssnParam);
      |                                                                          ^~~~~~~~~
      |                                                                          |
      |                                                                          struct SSN_param *
In file included from ../src/nuc/utils.h:11,
                 from ../src/nuc/IRNUC.h:8,
                 from ../src/nuc/IRNUC.c:8:
../src/nuc/InitParam.h:26:38: note: expected 'struct SSN_param *' but argument is of type 'struct SSN_param *'
   26 |                    struct SSN_param *ssnParam);
      |                    ~~~~~~~~~~~~~~~~~~^~~~~~~~
../src/nuc/IRNUC.c:39:43: warning: passing argument 3 of 'createMat_u16_A' from incompatible pointer type [-Wincompatible-pointer-types]
   39 |     Frame = createMat_u16_A(src_H, src_W, FP);
      |                                           ^~
      |                                           |
      |                                           int32_t * {aka int *}
In file included from ../src/nuc/utils.h:10,
                 from ../src/nuc/IRNUC.h:8,
                 from ../src/nuc/IRNUC.c:8:
../src/nuc/../mat/mat.h:52:56: note: expected 'uint16_t *' {aka 'short unsigned int *'} but argument is of type 'int32_t *' {aka 'int *'}
   52 | mat_u16 *createMat_u16_A(int rows, int cols, uint16_t *data);
      |                                              ~~~~~~~~~~^~~~
../src/nuc/IRNUC.c: In function 'infrared_NUC':
../src/nuc/../debug.h:14:49: warning: passing argument 3 of 'compareMean_s32' makes pointer from integer without a cast [-Wint-conversion]
   14 | #define debugMean(x) compareMean_s32(x,__FILE__,__LINE__)
      |                                                 ^~~~~~~~
      |                                                 |
      |                                                 int
../src/nuc/IRNUC.c:65:5: note: in expansion of macro 'debugMean'
   65 |     debugMean(NUC);
      |     ^~~~~~~~~
In file included from ../src/nuc/IRNUC.c:13:
../src/nuc/../debug.h:9:63: note: expected 'char *' but argument is of type 'int'
    9 | int32_t compareMean_s32(const mat_s32 *src, char *file, char* line);
      |                                                         ~~~~~~^~~~
../src/nuc/../debug.h:14:49: warning: passing argument 3 of 'compareMean_s32' makes pointer from integer without a cast [-Wint-conversion]
   14 | #define debugMean(x) compareMean_s32(x,__FILE__,__LINE__)
      |                                                 ^~~~~~~~
      |                                                 |
      |                                                 int
../src/nuc/IRNUC.c:72:2: note: in expansion of macro 'debugMean'
   72 |  debugMean(NUC);
      |  ^~~~~~~~~
../src/nuc/../debug.h:9:63: note: expected 'char *' but argument is of type 'int'
    9 | int32_t compareMean_s32(const mat_s32 *src, char *file, char* line);
      |                                                         ~~~~~~^~~~
../src/nuc/../debug.h:14:49: warning: passing argument 3 of 'compareMean_s32' makes pointer from integer without a cast [-Wint-conversion]
   14 | #define debugMean(x) compareMean_s32(x,__FILE__,__LINE__)
      |                                                 ^~~~~~~~
      |                                                 |
      |                                                 int
../src/nuc/IRNUC.c:74:5: note: in expansion of macro 'debugMean'
   74 |     debugMean(NUC);
      |     ^~~~~~~~~
../src/nuc/../debug.h:9:63: note: expected 'char *' but argument is of type 'int'
    9 | int32_t compareMean_s32(const mat_s32 *src, char *file, char* line);
      |                                                         ~~~~~~^~~~
'Finished building: ../src/nuc/IRNUC.c'
' '
'Building target: cameralink_udp.elf'
'Invoking: ARM v8 gcc linker'
aarch64-none-elf-gcc -Wl,-T -Wl,../src/lscript.ld -LD:/project/vitis_final/lwip_modi_3/export/lwip_modi_3/sw/lwip_modi_3/standalone_domain/bsplib/lib -o "cameralink_udp.elf"  ./src/xdm/dma.o  ./src/nuc/IRNUC.o ./src/nuc/InitParam.o ./src/nuc/SSN.o ./src/nuc/file_op.o ./src/nuc/main.o ./src/nuc/shareOp.o ./src/nuc/utils.o  ./src/mat/mat.o ./src/mat/matCalGaussian_f32.o ./src/mat/matCalGaussian_s32.o ./src/mat/matCalGaussian_s64.o ./src/mat/matCalHist.o ./src/mat/matCalMedCover.o ./src/mat/matCal_s32.o ./src/mat/matCal_s64.o  ./src/debug.o ./src/display_demo.o ./src/echo.o ./src/lwip_app.o ./src/platform_zynq.o ./src/platform_zynqmp.o ./src/udp_init.o ./src/vdma.o ./src/zynq_interrupt.o   -l-m -Wl,--start-group,-lxil,-lgcc,-lc,--end-group -Wl,--start-group,-lxilffs,-lxil,-lgcc,-lc,--end-group -Wl,--start-group,-lxil,-llwip4,-lgcc,-lc,--end-group
c:/xilinx_vitis/vitis/2021.2/gnu/aarch64/nt/aarch64-none/x86_64-oesdk-mingw32/usr/bin/aarch64-xilinx-elf/../../libexec/aarch64-xilinx-elf/gcc/aarch64-xilinx-elf/10.2.0/real-ld.exe: cannot find -l-m
collect2.exe: error: ld returned 1 exit status
make: *** [makefile:41: cameralink_udp.elf] Error 1

14:29:13 Build Finished (took 748ms)

